[    0.000000] Linux version 4.15.0-163-generic (buildd@lcy01-amd64-021) (gcc version 7.5.0 (Ubuntu 7.5.0-3ubuntu1~18.04)) #171-Ubuntu SMP Fri Nov 5 11:55:11 UTC 2021 (Ubuntu 4.15.0-163.171-generic 4.15.18)
[    0.000000] Command line: BOOT_IMAGE=/boot/vmlinuz-4.15.0-163-generic root=LABEL=cloudimg-rootfs ro console=tty1 console=ttyS0
[    0.000000] KERNEL supported cpus:
[    0.000000]   Intel GenuineIntel
[    0.000000]   AMD AuthenticAMD
[    0.000000]   Centaur CentaurHauls
[    0.000000] x86/fpu: Supporting XSAVE feature 0x001: 'x87 floating point registers'
[    0.000000] x86/fpu: Supporting XSAVE feature 0x002: 'SSE registers'
[    0.000000] x86/fpu: Supporting XSAVE feature 0x004: 'AVX registers'
[    0.000000] x86/fpu: xstate_offset[2]:  576, xstate_sizes[2]:  256
[    0.000000] x86/fpu: Enabled xstate features 0x7, context size is 832 bytes, using 'standard' format.
[    0.000000] e820: BIOS-provided physical RAM map:
[    0.000000] BIOS-e820: [mem 0x0000000000000000-0x000000000009fbff] usable
[    0.000000] BIOS-e820: [mem 0x000000000009fc00-0x000000000009ffff] reserved
[    0.000000] BIOS-e820: [mem 0x00000000000f0000-0x00000000000fffff] reserved
[    0.000000] BIOS-e820: [mem 0x0000000000100000-0x000000003ffeffff] usable
[    0.000000] BIOS-e820: [mem 0x000000003fff0000-0x000000003fffffff] ACPI data
[    0.000000] BIOS-e820: [mem 0x00000000fec00000-0x00000000fec00fff] reserved
[    0.000000] BIOS-e820: [mem 0x00000000fee00000-0x00000000fee00fff] reserved
[    0.000000] BIOS-e820: [mem 0x00000000fffc0000-0x00000000ffffffff] reserved
[    0.000000] NX (Execute Disable) protection: active
[    0.000000] SMBIOS 2.5 present.
[    0.000000] DMI: innotek GmbH VirtualBox/VirtualBox, BIOS VirtualBox 12/01/2006
[    0.000000] Hypervisor detected: KVM
[    0.000000] e820: last_pfn = 0x3fff0 max_arch_pfn = 0x400000000
[    0.000000] MTRR: Disabled
[    0.000000] x86/PAT: MTRRs disabled, skipping PAT initialization too.
[    0.000000] CPU MTRRs all blank - virtualized system.
[    0.000000] x86/PAT: Configuration [0-7]: WB  WT  UC- UC  WB  WT  UC- UC  
[    0.000000] found SMP MP-table at [mem 0x0009fff0-0x0009ffff]
[    0.000000] Scanning 1 areas for low memory corruption
[    0.000000] RAMDISK: [mem 0x359c7000-0x36cdafff]
[    0.000000] ACPI: Early table checksum verification disabled
[    0.000000] ACPI: RSDP 0x00000000000E0000 000024 (v02 VBOX  )
[    0.000000] ACPI: XSDT 0x000000003FFF0030 00003C (v01 VBOX   VBOXXSDT 00000001 ASL  00000061)
[    0.000000] ACPI: FACP 0x000000003FFF00F0 0000F4 (v04 VBOX   VBOXFACP 00000001 ASL  00000061)
[    0.000000] ACPI: DSDT 0x000000003FFF0470 002325 (v02 VBOX   VBOXBIOS 00000002 INTL 20120111)
[    0.000000] ACPI: FACS 0x000000003FFF0200 000040
[    0.000000] ACPI: FACS 0x000000003FFF0200 000040
[    0.000000] ACPI: APIC 0x000000003FFF0240 00005C (v02 VBOX   VBOXAPIC 00000001 ASL  00000061)
[    0.000000] ACPI: SSDT 0x000000003FFF02A0 0001CC (v01 VBOX   VBOXCPUT 00000002 INTL 20120111)
[    0.000000] ACPI: Reserving FACP table memory at [mem 0x3fff00f0-0x3fff01e3]
[    0.000000] ACPI: Reserving DSDT table memory at [mem 0x3fff0470-0x3fff2794]
[    0.000000] ACPI: Reserving FACS table memory at [mem 0x3fff0200-0x3fff023f]
[    0.000000] ACPI: Reserving FACS table memory at [mem 0x3fff0200-0x3fff023f]
[    0.000000] ACPI: Reserving APIC table memory at [mem 0x3fff0240-0x3fff029b]
[    0.000000] ACPI: Reserving SSDT table memory at [mem 0x3fff02a0-0x3fff046b]
[    0.000000] No NUMA configuration found
[    0.000000] Faking a node at [mem 0x0000000000000000-0x000000003ffeffff]
[    0.000000] NODE_DATA(0) allocated [mem 0x3ffc5000-0x3ffeffff]
[    0.000000] kvm-clock: cpu 0, msr 0:3ff44001, primary cpu clock
[    0.000000] kvm-clock: Using msrs 4b564d01 and 4b564d00
[    0.000000] kvm-clock: using sched offset of 3895161727 cycles
[    0.000000] clocksource: kvm-clock: mask: 0xffffffffffffffff max_cycles: 0x1cd42e4dffb, max_idle_ns: 881590591483 ns
[    0.000000] Zone ranges:
[    0.000000]   DMA      [mem 0x0000000000001000-0x0000000000ffffff]
[    0.000000]   DMA32    [mem 0x0000000001000000-0x000000003ffeffff]
[    0.000000]   Normal   empty
[    0.000000]   Device   empty
[    0.000000] Movable zone start for each node
[    0.000000] Early memory node ranges
[    0.000000]   node   0: [mem 0x0000000000001000-0x000000000009efff]
[    0.000000]   node   0: [mem 0x0000000000100000-0x000000003ffeffff]
[    0.000000] Reserved but unavailable: 104 pages
[    0.000000] Initmem setup node 0 [mem 0x0000000000001000-0x000000003ffeffff]
[    0.000000] ACPI: PM-Timer IO Port: 0x4008
[    0.000000] IOAPIC[0]: apic_id 2, version 32, address 0xfec00000, GSI 0-23
[    0.000000] ACPI: INT_SRC_OVR (bus 0 bus_irq 0 global_irq 2 dfl dfl)
[    0.000000] ACPI: INT_SRC_OVR (bus 0 bus_irq 9 global_irq 9 low level)
[    0.000000] Using ACPI (MADT) for SMP configuration information
[    0.000000] smpboot: Allowing 2 CPUs, 0 hotplug CPUs
[    0.000000] PM: Registered nosave memory: [mem 0x00000000-0x00000fff]
[    0.000000] PM: Registered nosave memory: [mem 0x0009f000-0x0009ffff]
[    0.000000] PM: Registered nosave memory: [mem 0x000a0000-0x000effff]
[    0.000000] PM: Registered nosave memory: [mem 0x000f0000-0x000fffff]
[    0.000000] e820: [mem 0x40000000-0xfebfffff] available for PCI devices
[    0.000000] Booting paravirtualized kernel on KVM
[    0.000000] clocksource: refined-jiffies: mask: 0xffffffff max_cycles: 0xffffffff, max_idle_ns: 7645519600211568 ns
[    0.000000] random: get_random_bytes called from start_kernel+0x99/0x500 with crng_init=0
[    0.000000] setup_percpu: NR_CPUS:8192 nr_cpumask_bits:2 nr_cpu_ids:2 nr_node_ids:1
[    0.000000] percpu: Embedded 45 pages/cpu s147456 r8192 d28672 u1048576
[    0.000000] PV qspinlock hash table entries: 256 (order: 0, 4096 bytes)
[    0.000000] Built 1 zonelists, mobility grouping on.  Total pages: 257913
[    0.000000] Policy zone: DMA32
[    0.000000] Kernel command line: BOOT_IMAGE=/boot/vmlinuz-4.15.0-163-generic root=LABEL=cloudimg-rootfs ro console=tty1 console=ttyS0
[    0.000000] Memory: 982700K/1048120K available (12300K kernel code, 2483K rwdata, 4320K rodata, 2448K init, 2724K bss, 65420K reserved, 0K cma-reserved)
[    0.000000] SLUB: HWalign=64, Order=0-3, MinObjects=0, CPUs=2, Nodes=1
[    0.000000] Kernel/User page tables isolation: enabled
[    0.000000] ftrace: allocating 39476 entries in 155 pages
[    0.004000] Hierarchical RCU implementation.
[    0.004000] 	RCU restricting CPUs from NR_CPUS=8192 to nr_cpu_ids=2.
[    0.004000] 	Tasks RCU enabled.
[    0.004000] RCU: Adjusting geometry for rcu_fanout_leaf=16, nr_cpu_ids=2
[    0.004000] NR_IRQS: 524544, nr_irqs: 440, preallocated irqs: 16
[    0.004000] Console: colour VGA+ 80x25
[    0.004000] console [tty1] enabled
[    0.004000] console [ttyS0] enabled
[    0.004000] ACPI: Core revision 20170831
[    0.004000] ACPI: 2 ACPI AML tables successfully acquired and loaded
[    0.004000] APIC: Switch to symmetric I/O mode setup
[    0.004000] x2apic enabled
[    0.004000] Switched APIC routing to physical x2apic.
[    0.004000] ..TIMER: vector=0x30 apic1=0 pin1=2 apic2=-1 pin2=-1
[    0.004004] tsc: Detected 1391.999 MHz processor
[    0.004930] Calibrating delay loop (skipped) preset value.. 2783.99 BogoMIPS (lpj=5567996)
[    0.005993] pid_max: default: 32768 minimum: 301
[    0.008035] Security Framework initialized
[    0.008890] Yama: becoming mindful.
[    0.009654] AppArmor: AppArmor initialized
[    0.012073] Dentry cache hash table entries: 131072 (order: 8, 1048576 bytes)
[    0.016067] Inode-cache hash table entries: 65536 (order: 7, 524288 bytes)
[    0.017603] Mount-cache hash table entries: 2048 (order: 2, 16384 bytes)
[    0.018917] Mountpoint-cache hash table entries: 2048 (order: 2, 16384 bytes)
[    0.020239] Last level iTLB entries: 4KB 64, 2MB 8, 4MB 8
[    0.021319] Last level dTLB entries: 4KB 64, 2MB 0, 4MB 0, 1GB 4
[    0.022496] Spectre V1 : Mitigation: usercopy/swapgs barriers and __user pointer sanitization
[    0.024002] Spectre V2 : Mitigation: Full generic retpoline
[    0.025104] Spectre V2 : Spectre v2 / SpectreRSB mitigation: Filling RSB on context switch
[    0.026758] Speculative Store Bypass: Vulnerable
[    0.028040] SRBDS: Unknown: Dependent on hypervisor status
[    0.029156] MDS: Mitigation: Clear CPU buffers
[    0.030439] Freeing SMP alternatives memory: 36K
[    0.140903] smpboot: CPU0: Intel(R) Core(TM) i5-8257U CPU @ 1.40GHz (family: 0x6, model: 0x8e, stepping: 0xa)
[    0.143983] Performance Events: unsupported p6 CPU model 142 no PMU driver, software events only.
[    0.144032] Hierarchical SRCU implementation.
[    0.145618] NMI watchdog: Perf event create on CPU 0 failed with -2
[    0.146879] NMI watchdog: Perf NMI watchdog permanently disabled
[    0.148038] smp: Bringing up secondary CPUs ...
[    0.149011] x86: Booting SMP configuration:
[    0.149859] .... node  #0, CPUs:      #1
[    0.004000] kvm-clock: cpu 1, msr 0:3ff44041, secondary cpu clock
[    0.154859] smp: Brought up 1 node, 2 CPUs
[    0.156004] smpboot: Max logical packages: 1
[    0.157057] smpboot: Total of 2 processors activated (5567.99 BogoMIPS)
[    0.160001] devtmpfs: initialized
[    0.160737] x86/mm: Memory block size: 128MB
[    0.161792] evm: security.selinux
[    0.162742] evm: security.SMACK64
[    0.163454] evm: security.SMACK64EXEC
[    0.164003] evm: security.SMACK64TRANSMUTE
[    0.164831] evm: security.SMACK64MMAP
[    0.165578] evm: security.apparmor
[    0.166288] evm: security.ima
[    0.166950] evm: security.capability
[    0.168086] clocksource: jiffies: mask: 0xffffffff max_cycles: 0xffffffff, max_idle_ns: 7645041785100000 ns
[    0.169911] futex hash table entries: 512 (order: 3, 32768 bytes)
[    0.171174] pinctrl core: initialized pinctrl subsystem
[    0.173432] RTC time: 20:49:22, date: 01/02/22
[    0.174477] NET: Registered protocol family 16
[    0.175444] audit: initializing netlink subsys (disabled)
[    0.176032] audit: type=2000 audit(1641156567.332:1): state=initialized audit_enabled=0 res=1
[    0.177812] cpuidle: using governor ladder
[    0.180011] cpuidle: using governor menu
[    0.180850] ACPI: bus type PCI registered
[    0.181670] acpiphp: ACPI Hot Plug PCI Controller Driver version: 0.5
[    0.183036] PCI: Using configuration type 1 for base access
[    0.184761] HugeTLB registered 2.00 MiB page size, pre-allocated 0 pages
[    0.185385] ACPI: Added _OSI(Module Device)
[    0.188021] ACPI: Added _OSI(Processor Device)
[    0.188934] ACPI: Added _OSI(3.0 _SCP Extensions)
[    0.189882] ACPI: Added _OSI(Processor Aggregator Device)
[    0.190956] ACPI: Added _OSI(Linux-Dell-Video)
[    0.191872] ACPI: Added _OSI(Linux-Lenovo-NV-HDMI-Audio)
[    0.192002] ACPI: Added _OSI(Linux-HPI-Hybrid-Graphics)
[    0.193461] ACPI: Executed 1 blocks of module-level executable AML code
[    0.198571] ACPI: Interpreter enabled
[    0.199607] ACPI: (supports S0 S5)
[    0.200002] ACPI: Using IOAPIC for interrupt routing
[    0.201159] PCI: Using host bridge windows from ACPI; if necessary, use "pci=nocrs" and report a bug
[    0.203172] ACPI: Enabled 2 GPEs in block 00 to 07
[    0.210651] ACPI: PCI Root Bridge [PCI0] (domain 0000 [bus 00-ff])
[    0.212000] acpi PNP0A03:00: _OSC: OS supports [ASPM ClockPM Segments MSI]
[    0.212370] acpi PNP0A03:00: _OSC: not requesting OS control; OS requires [ExtendedConfig ASPM ClockPM MSI]
[    0.214322] acpi PNP0A03:00: fail to add MMCONFIG information, can't access extended PCI configuration space under this bridge.
[    0.216462] PCI host bridge to bus 0000:00
[    0.217362] pci_bus 0000:00: root bus resource [io  0x0000-0x0cf7 window]
[    0.220008] pci_bus 0000:00: root bus resource [io  0x0d00-0xffff window]
[    0.224004] pci_bus 0000:00: root bus resource [mem 0x000a0000-0x000bffff window]
[    0.226241] pci_bus 0000:00: root bus resource [mem 0x40000000-0xfdffffff window]
[    0.228003] pci_bus 0000:00: root bus resource [bus 00-ff]
[    0.231642] pci 0000:00:01.1: legacy IDE quirk: reg 0x10: [io  0x01f0-0x01f7]
[    0.232002] pci 0000:00:01.1: legacy IDE quirk: reg 0x14: [io  0x03f6]
[    0.233278] pci 0000:00:01.1: legacy IDE quirk: reg 0x18: [io  0x0170-0x0177]
[    0.236002] pci 0000:00:01.1: legacy IDE quirk: reg 0x1c: [io  0x0376]
[    0.251533] pci 0000:00:07.0: quirk: [io  0x4000-0x403f] claimed by PIIX4 ACPI
[    0.252019] pci 0000:00:07.0: quirk: [io  0x4100-0x410f] claimed by PIIX4 SMB
[    0.260992] ACPI: PCI Interrupt Link [LNKA] (IRQs 5 9 10 *11)
[    0.262515] ACPI: PCI Interrupt Link [LNKB] (IRQs 5 9 *10 11)
[    0.264076] ACPI: PCI Interrupt Link [LNKC] (IRQs 5 *9 10 11)
[    0.265348] ACPI: PCI Interrupt Link [LNKD] (IRQs 5 9 10 *11)
[    0.266820] SCSI subsystem initialized
[    0.267792] pci 0000:00:02.0: vgaarb: setting as boot VGA device
[    0.267792] pci 0000:00:02.0: vgaarb: VGA device added: decodes=io+mem,owns=io+mem,locks=none
[    0.268008] pci 0000:00:02.0: vgaarb: bridge control possible
[    0.269139] vgaarb: loaded
[    0.272032] ACPI: bus type USB registered
[    0.272867] usbcore: registered new interface driver usbfs
[    0.273957] usbcore: registered new interface driver hub
[    0.275361] usbcore: registered new device driver usb
[    0.276066] EDAC MC: Ver: 3.0.0
[    0.277023] PCI: Using ACPI for IRQ routing
[    0.277237] NetLabel: Initializing
[    0.280007] NetLabel:  domain hash size = 128
[    0.281095] NetLabel:  protocols = UNLABELED CIPSOv4 CALIPSO
[    0.282218] NetLabel:  unlabeled traffic allowed by default
[    0.283353] clocksource: Switched to clocksource kvm-clock
[    0.293329] VFS: Disk quotas dquot_6.6.0
[    0.294452] VFS: Dquot-cache hash table entries: 512 (order 0, 4096 bytes)
[    0.295894] AppArmor: AppArmor Filesystem Enabled
[    0.296896] pnp: PnP ACPI init
[    0.298824] pnp: PnP ACPI: found 3 devices
[    0.306876] clocksource: acpi_pm: mask: 0xffffff max_cycles: 0xffffff, max_idle_ns: 2085701024 ns
[    0.308728] NET: Registered protocol family 2
[    0.309656] IP idents hash table entries: 16384 (order: 5, 131072 bytes)
[    0.312665] TCP established hash table entries: 8192 (order: 4, 65536 bytes)
[    0.314230] TCP bind hash table entries: 8192 (order: 5, 131072 bytes)
[    0.315516] TCP: Hash tables configured (established 8192 bind 8192)
[    0.316811] UDP hash table entries: 512 (order: 2, 16384 bytes)
[    0.317982] UDP-Lite hash table entries: 512 (order: 2, 16384 bytes)
[    0.319254] NET: Registered protocol family 1
[    0.320182] pci 0000:00:00.0: Limiting direct PCI/PCI transfers
[    0.321491] pci 0000:00:01.0: Activating ISA DMA hang workarounds
[    0.322794] pci 0000:00:02.0: Video device with shadowed ROM at [mem 0x000c0000-0x000dffff]
[    0.324620] Unpacking initramfs...
[    0.603022] Freeing initrd memory: 19536K
[    0.604518] clocksource: tsc: mask: 0xffffffffffffffff max_cycles: 0x14109a24aaa, max_idle_ns: 440795250993 ns
[    0.607395] platform rtc_cmos: registered platform RTC device (no PNP device found)
[    0.609356] Scanning for low memory corruption every 60 seconds
[    0.611037] Initialise system trusted keyrings
[    0.611977] Key type blacklist registered
[    0.612960] workingset: timestamp_bits=36 max_order=18 bucket_order=0
[    0.614935] zbud: loaded
[    0.615894] squashfs: version 4.0 (2009/01/31) Phillip Lougher
[    0.617227] fuse init (API version 7.26)
[    0.619408] Key type asymmetric registered
[    0.620410] Asymmetric key parser 'x509' registered
[    0.621867] Block layer SCSI generic (bsg) driver version 0.4 loaded (major 246)
[    0.623386] io scheduler noop registered
[    0.624219] io scheduler deadline registered
[    0.625099] io scheduler cfq registered (default)
[    0.626583] ACPI: AC Adapter [AC] (off-line)
[    0.627504] input: Power Button as /devices/LNXSYSTM:00/LNXPWRBN:00/input/input0
[    0.629085] ACPI: Power Button [PWRF]
[    0.629911] input: Sleep Button as /devices/LNXSYSTM:00/LNXSLPBN:00/input/input1
[    0.631439] ACPI: Sleep Button [SLPF]
[    0.633564] ACPI: Battery Slot [BAT0] (battery present)
[    0.634753] Serial: 8250/16550 driver, 32 ports, IRQ sharing enabled
[    0.657658] 00:02: ttyS0 at I/O 0x3f8 (irq = 4, base_baud = 115200) is a 16550A
[    0.663455] Linux agpgart interface v0.103
[    0.665419] loop: module loaded
[    0.666548] scsi host0: ata_piix
[    0.667306] scsi host1: ata_piix
[    0.668005] ata1: PATA max UDMA/33 cmd 0x1f0 ctl 0x3f6 bmdma 0xd000 irq 14
[    0.669397] ata2: PATA max UDMA/33 cmd 0x170 ctl 0x376 bmdma 0xd008 irq 15
[    0.670792] libphy: Fixed MDIO Bus: probed
[    0.671754] tun: Universal TUN/TAP device driver, 1.6
[    0.673088] PPP generic driver version 2.4.2
[    0.674370] ehci_hcd: USB 2.0 'Enhanced' Host Controller (EHCI) Driver
[    0.675652] ehci-pci: EHCI PCI platform driver
[    0.676639] ehci-platform: EHCI generic platform driver
[    0.677691] ohci_hcd: USB 1.1 'Open' Host Controller (OHCI) Driver
[    0.678910] ohci-pci: OHCI PCI platform driver
[    0.679818] ohci-platform: OHCI generic platform driver
[    0.680987] uhci_hcd: USB Universal Host Controller Interface driver
[    0.682280] i8042: PNP: PS/2 Controller [PNP0303:PS2K,PNP0f03:PS2M] at 0x60,0x64 irq 1,12
[    0.684280] serio: i8042 KBD port at 0x60,0x64 irq 1
[    0.685342] serio: i8042 AUX port at 0x60,0x64 irq 12
[    0.686498] mousedev: PS/2 mouse device common for all mice
[    0.688236] input: AT Translated Set 2 keyboard as /devices/platform/i8042/serio0/input/input2
[    0.690099] rtc_cmos rtc_cmos: rtc core: registered rtc_cmos as rtc0
[    0.691395] rtc_cmos rtc_cmos: alarms up to one day, 114 bytes nvram
[    0.692727] i2c /dev entries driver
[    0.693496] device-mapper: uevent: version 1.0.3
[    0.694498] device-mapper: ioctl: 4.37.0-ioctl (2017-09-20) initialised: dm-devel@redhat.com
[    0.696232] ledtrig-cpu: registered to indicate activity on CPUs
[    0.697759] NET: Registered protocol family 10
[    0.701320] Segment Routing with IPv6
[    0.702105] NET: Registered protocol family 17
[    0.703575] Key type dns_resolver registered
[    0.704847] mce: Using 0 MCE banks
[    0.705726] RAS: Correctable Errors collector initialized.
[    0.706855] sched_clock: Marking stable (704816700, 0)->(897273406, -192456706)
[    0.708685] registered taskstats version 1
[    0.709745] Loading compiled-in X.509 certificates
[    0.712535] Loaded X.509 cert 'Build time autogenerated kernel key: f60a4c8d126e94dbf36c5faa43fb49029eeea9a9'
[    0.714935] Loaded X.509 cert 'Canonical Ltd. Live Patch Signing: 14df34d1a87cf37625abec039ef2bf521249b969'
[    0.717814] Loaded X.509 cert 'Canonical Ltd. Kernel Module Signing: 88f752e560a1e0737e31163a466ad7b70a850c19'
[    0.719878] zswap: loaded using pool lzo/zbud
[    0.723424] Key type big_key registered
[    0.724287] Key type trusted registered
[    0.726231] Key type encrypted registered
[    0.727054] AppArmor: AppArmor sha1 policy hashing enabled
[    0.728140] ima: No TPM chip found, activating TPM-bypass! (rc=-19)
[    0.729509] ima: Allocated hash algorithm: sha1
[    0.730435] evm: HMAC attrs: 0x1
[    0.731354]   Magic number: 6:29:851
[    0.732113]  index3: hash matches
[    0.732881]  index3: hash matches
[    0.733638] rtc_cmos rtc_cmos: setting system clock to 2022-01-02 20:49:22 UTC (1641156562)
[    0.735365] BIOS EDD facility v0.16 2004-Jun-25, 0 devices found
[    0.736594] EDD information not available.
[    0.853822] Freeing unused kernel image memory: 2448K
[    0.916873] Write protecting the kernel read-only data: 20480k
[    0.919330] Freeing unused kernel image memory: 2008K
[    0.920975] Freeing unused kernel image memory: 1824K
[    0.928616] x86/mm: Checked W+X mappings: passed, no W+X pages found.
[    0.930401] x86/mm: Checking user space page tables
[    0.936837] x86/mm: Checked W+X mappings: passed, no W+X pages found.
Loading, please wait...
starting version 237
[    0.997327] Fusion MPT base driver 3.04.20
[    0.998590] Copyright (c) 1999-2008 LSI Corporation
[    1.002370] Fusion MPT SPI Host driver 3.04.20
[    1.007102] e1000: Intel(R) PRO/1000 Network Driver - version 7.3.21-k8-NAPI
[    1.009409] e1000: Copyright (c) 1999-2006 Intel Corporation.
[    1.012361] mptbase: ioc0: Initiating bringup
[    1.022651] AVX2 version of gcm_enc/dec engaged.
[    1.023978] AES CTR mode by8 optimization enabled
[    1.149006] ioc0: LSI53C1030 A0: Capabilities={Initiator}
[    1.611808] input: ImExPS/2 Generic Explorer Mouse as /devices/platform/i8042/serio1/input/input4
[    2.982106] scsi host2: ioc0: LSI53C1030 A0, FwRev=00000000h, Ports=1, MaxQ=256, IRQ=20
[    4.916414] scsi 2:0:0:0: Direct-Access     VBOX     HARDDISK         1.0  PQ: 0 ANSI: 5
[    5.088075] scsi target2:0:0: Beginning Domain Validation
[    5.090936] scsi target2:0:0: Domain Validation skipping write tests
[    5.092260] scsi target2:0:0: Ending Domain Validation
[    5.093519] scsi target2:0:0: asynchronous
[    5.094663] scsi 2:0:1:0: Direct-Access     VBOX     HARDDISK         1.0  PQ: 0 ANSI: 5
[    5.306173] scsi target2:0:1: Beginning Domain Validation
[    5.308692] random: fast init done
[    5.309893] scsi target2:0:1: Domain Validation skipping write tests
[    5.311547] scsi target2:0:1: Ending Domain Validation
[    5.313025] scsi target2:0:1: asynchronous
[    5.316753] random: systemd-udevd: uninitialized urandom read (16 bytes read)
[    5.318350] random: systemd-udevd: uninitialized urandom read (16 bytes read)
[    5.319813] random: systemd-udevd: uninitialized urandom read (16 bytes read)
[    5.324674] sd 2:0:0:0: Attached scsi generic sg0 type 0
[    5.330692] sd 2:0:1:0: Attached scsi generic sg1 type 0
[    5.332527] sd 2:0:0:0: [sda] 83886080 512-byte logical blocks: (42.9 GB/40.0 GiB)
[    5.332922] e1000 0000:00:03.0 eth0: (PCI:33MHz:32-bit) 02:29:e0:c3:be:94
[    5.334227] sd 2:0:0:0: [sda] Write Protect is off
[    5.335515] e1000 0000:00:03.0 eth0: Intel(R) PRO/1000 Network Connection
[    5.337053] sd 2:0:1:0: [sdb] 20480 512-byte logical blocks: (10.5 MB/10.0 MiB)
[    5.339315] e1000 0000:00:03.0 enp0s3: renamed from eth0
[    5.341167] sd 2:0:1:0: [sdb] Write Protect is off
[    5.341273] sd 2:0:0:0: [sda] Incomplete mode parameter data
[    5.343293] sd 2:0:0:0: [sda] Assuming drive cache: write through
[    5.344582] sd 2:0:1:0: [sdb] Incomplete mode parameter data
[    5.345701] sd 2:0:1:0: [sdb] Assuming drive cache: write through
[    5.348225]  sda: sda1
[    5.349407] sd 2:0:0:0: [sda] Attached SCSI disk
[    5.350533] sd 2:0:1:0: [sdb] Attached SCSI disk
Begin: Loading essential drivers ... [    6.728494] raid6: sse2x1   gen() 13166 MB/s
[    6.776866] raid6: sse2x1   xor()  9438 MB/s
[    6.824428] raid6: sse2x2   gen() 16418 MB/s
[    6.872203] raid6: sse2x2   xor() 10568 MB/s
[    6.921774] raid6: sse2x4   gen() 18350 MB/s
[    6.968061] raid6: sse2x4   xor() 10803 MB/s
[    7.016061] raid6: avx2x1   gen() 24939 MB/s
[    7.066419] raid6: avx2x1   xor() 18514 MB/s
[    7.117195] raid6: avx2x2   gen() 34725 MB/s
[    7.164281] raid6: avx2x2   xor() 19767 MB/s
[    7.212020] raid6: avx2x4   gen() 36136 MB/s
[    7.262169] raid6: avx2x4   xor() 22554 MB/s
[    7.263554] raid6: using algorithm avx2x4 gen() 36136 MB/s
[    7.265017] raid6: .... xor() 22554 MB/s, rmw enabled
[    7.266015] raid6: using avx2x2 recovery algorithm
[    7.267805] xor: automatically using best checksumming function   avx       
[    7.270191] async_tx: api initialized (async)
done.
Begin: Running /scripts/init-premount ... done.
Begin: Mounting root file system ... Begin: Running /scripts/local-top ... done.
Begin: Running /scripts/local-premount ... [    7.307807] Btrfs loaded, crc32c=crc32c-intel
Scanning for Btrfs filesystems
done.
Warning: fsck not present, so skipping root file system
[    7.334810] EXT4-fs (sda1): mounted filesystem with ordered data mode. Opts: (null)
done.
Begin: Running /scripts/local-bottom ... done.
Begin: Running /scripts/init-bottom ... done.
[    7.492790] ip_tables: (C) 2000-2006 Netfilter Core Team
[    7.501159] systemd[1]: systemd 237 running in system mode. (+PAM +AUDIT +SELINUX +IMA +APPARMOR +SMACK +SYSVINIT +UTMP +LIBCRYPTSETUP +GCRYPT +GNUTLS +ACL +XZ +LZ4 +SECCOMP +BLKID +ELFUTILS +KMOD -IDN2 +IDN -PCRE2 default-hierarchy=hybrid)
[    7.505379] systemd[1]: Detected virtualization oracle.
[    7.506430] systemd[1]: Detected architecture x86-64.

Welcome to [1mUbuntu 18.04.6 LTS[0m!

[    7.513510] systemd[1]: Set hostname to <ubuntu>.
[    7.517491] systemd[1]: Initializing machine ID from random generator.
[    7.518806] systemd[1]: Installed transient /etc/machine-id file.
[    7.798836] systemd[1]: Set up automount Arbitrary Executable File Formats File System Automount Point.
[[0;32m  OK  [0m] Set up automount Arbitrary Executab…rmats File System Automount Point.
[    7.803243] systemd[1]: Created slice System Slice.
[[0;32m  OK  [0m] Created slice System Slice.
[    7.805138] systemd[1]: Listening on /dev/initctl Compatibility Named Pipe.
[[0;32m  OK  [0m] Listening on /dev/initctl Compatibility Named Pipe.
[    7.807673] systemd[1]: Listening on Network Service Netlink Socket.
[[0;32m  OK  [0m] Listening on Network Service Netlink Socket.
[[0;32m  OK  [0m] Listening on udev Kernel Socket.
[[0;32m  OK  [0m] Listening on Journal Audit Socket.
[[0;32m  OK  [0m] Created slice User and Session Slice.
[[0;32m  OK  [0m] Reached target User and Group Name Lookups.
[[0;32m  OK  [0m] Listening on Journal Socket (/dev/log).
[[0;32m  OK  [0m] Reached target System Time Synchronized.
[[0;32m  OK  [0m] Listening on Journal Socket.
         Starting Load Kernel Modules...
         Starting Uncomplicated firewall...
         Mounting POSIX Message Queue File System...
         Starting Set the console keyboard layout...
[[0;32m  OK  [0m] Started Forward Password Requests to Wall Directory Watch.
[[0;32m  OK  [0m] Listening on Syslog Socket.
         Starting Journal Service...
         Mounting Kernel Debug File System...
[[0;32m  OK  [0m] Reached target Slices.
[[0;32m  OK  [0m] Listening on udev Control Socket.
         Starting udev Coldplug all Devices...
         Starting Create list of required st…ce nodes for the current kernel...[    7.842263] Loading iSCSI transport class v2.0-870.

         Mounting Huge Pages File System...
[[0;32m  OK  [0m] Reached target Swap.
[[0;32m  OK  [0m] Listening on Device-mapper event daemon FIFOs.
[[0;32m  OK  [0m] Listening on LVM2 metadata daemon socket.
         Starting Monitoring of LVM2 mirrors…ng dmeventd or progress polling...
[[0;32m  OK  [0m] Listening on LVM2 poll daemon socket.
[[0;32m  OK  [0m] Created slice system-serial\x2dgetty.slice.
[    7.892835] iscsi: registered transport (tcp)
[[0;32m  OK  [0m] Listening on fsck to fsckd communication Socket.
         Starting File System Check on Root Device...
[[0;32m  OK  [0m] Started Journal Service.
[[0;32m  OK  [0m] Started Uncomplicated firewall.
[    7.910754] iscsi: registered transport (iser)
[[0;32m  OK  [0m] Started Load Kernel Modules.
[[0;32m  OK  [0m] Mounted POSIX Message Queue File System.
[[0;32m  OK  [0m] Mounted Kernel Debug File System.
[[0;32m  OK  [0m] Started Create list of required sta…vice nodes for the current kernel.
[[0;32m  OK  [0m] Mounted Huge Pages File System.
[[0;32m  OK  [0m] Started File System Check Daemon to report status.
[[0;32m  OK  [0m] Started LVM2 metadata daemon.
         Starting Create Static Device Nodes in /dev...
         Mounting Kernel Configuration File System...
         Mounting FUSE Control File System...
         Starting Apply Kernel Variables...
[[0;32m  OK  [0m] Started udev Coldplug all Devices.
[[0;32m  OK  [0m] Mounted Kernel Configuration File System.
[[0;32m  OK  [0m] Started File System Check on Root Device.
[[0;32m  OK  [0m] Mounted FUSE Control File System.
         Starting Remount Root and Kernel File Systems...
[[0;32m  OK  [0m] Started Create Static Device Nodes in /dev.
[[0;32m  OK  [0m] Started Monitoring of LVM2 mirrors,…sing dmeventd or progress polling.
[[0;32m  OK  [0m] Started Apply Kernel Variables.
[[0;32m  OK  [0m] Started Remount Root and Kernel File Systems.
         Starting udev Kernel Device Manager...
         Starting Flush Journal to Persistent Storage...
         Starting Load/Save Random Seed...
[[0;32m  OK  [0m] Started udev Kernel Device Manager.
[[0;32m  OK  [0m] Started Load/Save Random Seed.
[[0;32m  OK  [0m] Started Flush Journal to Persistent Storage.
[[0;32m  OK  [0m] Found device /dev/ttyS0.
[[0;32m  OK  [0m] Listening on Load/Save RF Kill Switch Status /dev/rfkill Watch.
[[0;32m  OK  [0m] Started Set the console keyboard layout.
[[0;32m  OK  [0m] Reached target Local File Systems (Pre).
[[0;32m  OK  [0m] Reached target Local File Systems.
         Starting AppArmor initialization...
         Starting Set console font and keymap...
         Starting ebtables ruleset management...
         Starting Create Volatile Files and Directories...
         Starting Commit a transient machine-id on disk...
         Starting Tell Plymouth To Write Out Runtime Data...
[[0;32m  OK  [0m] Started Dispatch Password Requests to Console Directory Watch.
[[0;32m  OK  [0m] Reached target Local Encrypted Volumes.
[[0;32m  OK  [0m] Started Create Volatile Files and Directories.
         Starting Update UTMP about System Boot/Shutdown...
[[0;32m  OK  [0m] Started Tell Plymouth To Write Out Runtime Data.
[[0;32m  OK  [0m] Started Update UTMP about System Boot/Shutdown.
[[0;32m  OK  [0m] Started Commit a transient machine-id on disk.
[[0;32m  OK  [0m] Started ebtables ruleset management.
[[0;32m  OK  [0m] Started AppArmor initialization.
         Starting Initial cloud-init job (pre-networking)...
         Starting Load AppArmor profiles managed internally by snapd...
[[0;32m  OK  [0m] Started Load AppArmor profiles managed internally by snapd.
[[0;32m  OK  [0m] Started Set console font and keymap.
[   10.567656] cloud-init[844]: Cloud-init v. 21.4-0ubuntu1~18.04.1 running 'init-local' at Sun, 02 Jan 2022 20:49:32 +0000. Up 10.26 seconds.
[[0;32m  OK  [0m] Started Initial cloud-init job (pre-networking).
[[0;32m  OK  [0m] Reached target Network (Pre).
         Starting Network Service...
[[0;32m  OK  [0m] Started Network Service.
         Starting Network Name Resolution...
         Starting Wait for Network to be Configured...
[[0;32m  OK  [0m] Started Network Name Resolution.
[[0;32m  OK  [0m] Reached target Network.
[[0;32m  OK  [0m] Reached target Host and Network Name Lookups.
[[0;32m  OK  [0m] Started Wait for Network to be Configured.
         Starting Initial cloud-init job (metadata service crawler)...
[   12.248144] cloud-init[1001]: Cloud-init v. 21.4-0ubuntu1~18.04.1 running 'init' at Sun, 02 Jan 2022 20:49:33 +0000. Up 12.13 seconds.
[   12.260201] cloud-init[1001]: ci-info: ++++++++++++++++++++++++++++++++++++++Net device info++++++++++++++++++++++++++++++++++++++
[   12.262280] cloud-init[1001]: ci-info: +--------+------+----------------------------+---------------+--------+-------------------+
[   12.264293] cloud-init[1001]: ci-info: | Device |  Up  |          Address           |      Mask     | Scope  |     Hw-Address    |
[   12.266512] cloud-init[1001]: ci-info: +--------+------+----------------------------+---------------+--------+-------------------+
[   12.269196] cloud-init[1001]: ci-info: | enp0s3 | True |         10.0.2.15          | 255.255.255.0 | global | 02:29:e0:c3:be:94 |
[   12.272302] cloud-init[1001]: ci-info: | enp0s3 | True | fe80::29:e0ff:fec3:be94/64 |       .       |  link  | 02:29:e0:c3:be:94 |
[   12.274787] cloud-init[1001]: ci-info: |   lo   | True |         127.0.0.1          |   255.0.0.0   |  host  |         .         |
[   12.277249] cloud-init[1001]: ci-info: |   lo   | True |          ::1/128           |       .       |  host  |         .         |
[   12.280078] cloud-init[1001]: ci-info: +--------+------+----------------------------+---------------+--------+-------------------+
[   12.282493] cloud-init[1001]: ci-info: ++++++++++++++++++++++++++++Route IPv4 info+++++++++++++++++++++++++++++
[   12.284936] cloud-init[1001]: ci-info: +-------+-------------+----------+-----------------+-----------+-------+
[   12.287388] cloud-init[1001]: ci-info: | Route | Destination | Gateway  |     Genmask     | Interface | Flags |
[   12.289884] cloud-init[1001]: ci-info: +-------+-------------+----------+-----------------+-----------+-------+
[   12.293601] cloud-init[1001]: ci-info: |   0   |   0.0.0.0   | 10.0.2.2 |     0.0.0.0     |   enp0s3  |   UG  |
[   12.295213] cloud-init[1001]: ci-info: |   1   |   10.0.2.0  | 0.0.0.0  |  255.255.255.0  |   enp0s3  |   U   |
[   12.297321] cloud-init[1001]: ci-info: |   2   |   10.0.2.2  | 0.0.0.0  | 255.255.255.255 |   enp0s3  |   UH  |
[   12.299433] cloud-init[1001]: ci-info: +-------+-------------+----------+-----------------+-----------+-------+
[   12.301323] cloud-init[1001]: ci-info: +++++++++++++++++++Route IPv6 info+++++++++++++++++++
[   12.302902] cloud-init[1001]: ci-info: +-------+-------------+---------+-----------+-------+
[   12.304933] cloud-init[1001]: ci-info: | Route | Destination | Gateway | Interface | Flags |
[   12.306909] cloud-init[1001]: ci-info: +-------+-------------+---------+-----------+-------+
[   12.310061] cloud-init[1001]: ci-info: |   1   |  fe80::/64  |    ::   |   enp0s3  |   U   |
[   12.311995] cloud-init[1001]: ci-info: |   3   |    local    |    ::   |   enp0s3  |   U   |
[   12.313688] cloud-init[1001]: ci-info: |   4   |   ff00::/8  |    ::   |   enp0s3  |   U   |
[   12.316144] cloud-init[1001]: ci-info: +-------+-------------+---------+-----------+-------+
[   13.330755] cloud-init[1001]: Generating public/private rsa key pair.
[   13.331961] cloud-init[1001]: Your identification has been saved in /etc/ssh/ssh_host_rsa_key.
[   13.333601] cloud-init[1001]: Your public key has been saved in /etc/ssh/ssh_host_rsa_key.pub.
[   13.335600] cloud-init[1001]: The key fingerprint is:
[   13.336826] cloud-init[1001]: SHA256:3HMYb2JYK3x0YkF6yYtRgxZ6u7pPRzHQOvrtHFY3xv4 root@ubuntu-bionic
[   13.339063] cloud-init[1001]: The key's randomart image is:
[   13.340535] cloud-init[1001]: +---[RSA 2048]----+
[   13.342178] cloud-init[1001]: |        o==      |
[   13.343462] cloud-init[1001]: |       .o=.+     |
[   13.344775] cloud-init[1001]: |      ..+.% .    |
[   13.345958] cloud-init[1001]: |       +o@ @ .   |
[   13.347156] cloud-init[1001]: |       .S.@ = =  |
[   13.348563] cloud-init[1001]: |      .  * * + . |
[   13.349809] cloud-init[1001]: |       .o.+   .  |
[   13.351027] cloud-init[1001]: |       o.+..   . |
[   13.352182] cloud-init[1001]: |      oo..o     E|
[   13.353928] cloud-init[1001]: +----[SHA256]-----+
[   13.355357] cloud-init[1001]: Generating public/private dsa key pair.
[   13.356918] cloud-init[1001]: Your identification has been saved in /etc/ssh/ssh_host_dsa_key.
[   13.358974] cloud-init[1001]: Your public key has been saved in /etc/ssh/ssh_host_dsa_key.pub.
[   13.360850] cloud-init[1001]: The key fingerprint is:
[   13.372357] cloud-init[1001]: SHA256:DvejFMfwWyd9onl7uIc8jGfWzDDiwmgfOvh/+SHeN0E root@ubuntu-bionic
[   13.373835] cloud-init[1001]: The key's randomart image is:
[   13.374372] cloud-init[1001]: +---[DSA 1024]----+
[   13.384341] cloud-init[1001]: |                 |
[[0;32m  OK  [0m] Started Initial cloud-init job (metadata service crawler).
[   13.403164] cloud-init[1001]: |                 |
[   13.404654] [[0;32m  OK  [0m] Reached target System Initialization.
[[0;32m  OK  [0m] Listening on UUID daemon activation socket.
[[0;32m  OK  [0m] Started Daily apt download activities.
[[0;32m  OK  [0m] Started Daily apt upgrade and clean activities.
[[0;32m  OK  [0m] Started ACPI Events Check.
[[0;32m  OK  [0m] Listening on ACPID Listen Socket.
[[0;32m  OK  [0m] Listening on D-Bus System Message Bus Socket.
[[0;32m  OK  [0m] Started Daily Cleanup of Temporary Directories.
[[0;32m  OK  [0m] Started Trigger to poll for Ubuntu …(Only enabled on GCP LTS non-pro).
[[0;32m  OK  [0m] Started Message of the Day.
[[0;32m  OK  [0m] Listening on cloud-init hotplug hook socket.
[[0;32m  OK  [0m] Started Discard unused blocks once a week.
[[0;32m  OK  [0m] Reached target Paths.
         Starting Socket activation for snappy daemon.
[[0;32m  OK  [0m] Listening on Open-iSCSI iscsid Socket.
cloud-init         Starting LXD - unix socket.
[[0;32m  OK  [0m] Started Ubuntu Advantage Timer for running repeated jobs.
[[0;32m  OK  [0m] Reached target Timers.
[[0;32m  OK  [0m] Reached target Cloud-config availability.
[[0;32m  OK  [0m] Reached target Network is Online.
[[0;32m  OK  [0m] Reached target Remote File Systems (Pre).
[[0;32m  OK  [0m] Reached target Remote File Systems.
[1001]:          Starting Availability of block devices...
[[0;32m  OK  [0m] Listening on Socket activation for snappy daemon.
|        .        |
[   13.436997] [[0;32m  OK  [0m] Listening on LXD - unix socket.
[[0;32m  OK  [0m] Reached target Sockets.
[[0;32m  OK  [0m] Reached target Basic System.
cloud-init[1001]: |         +   . E |
[[0;32m  OK  [0m] Started Deferred execution scheduler.
[   13.446066] cloud-init[1001]: |      . S + o = .|
[   13.451075] cloud-init[1001]: |       + + o.=o+ |
[   13.452439] cloud-init[1001]: |       .oo=.+*oO.|
         Starting Dispatcher daemon for systemd-networkd...
[   13.468970] cloud-init[1001]: |      ..+oo+=+X+B|
         Starting Permit User Sessions...
[   13.470467] cloud-init[1001]: |       o++oo.==*.|
[[0;32m  OK  [0m] Started Regular background program processing daemon.
[   13.480348] cloud-init[1001]: +----[SHA256]-----+
[   13.492998] cloud-init[1001]: Generating public/private ecdsa key pair.
[[0;32m  OK  [0m] Started irqbalance daemon.
[   13.508712] cloud-init[1001]: Your identification has been saved in /etc/ssh/ssh_host_ecdsa_key.         Starting LSB: Record successful boot for GRUB...
         Starting Pollinate to seed the pseudo random number generator...

[   13.526842] cloud-init[1001]: Your public key has been saved in /etc/ssh/ssh_host_ecdsa_key.pub.
[   13.529331] cloud-init[1001]: The key fingerprint is:
[   13.531070] cloud-init[1001]: SHA256:97LKsai8PvIbCF2vIDPkZ9sVu2f+LEQUVu0xTjlnPc4 root@ubuntu-bionic         Starting Accounts Service...
[[0;32m  OK  [0m] Started FUSE filesystem for LXC.
         Starting Login Service...
         Starting Snap Daemon...
[[0;32m  OK  [0m] Started D-Bus System Message Bus.

[   13.562925] cloud-init[1001]: The key's randomart image is:
[   13.567964] cloud-init[1001]: +---[ECDSA 256]---+
[   13.572392] cloud-init[1001]: |         oo.. . .|
[   13.576171] cloud-init[1001]: |        ..   B +.|
[   13.577464] cloud-init[1001]: | .  .  ..   + O .|
[   13.580192] cloud-init[1001]: |o. . .  o.   o E |
[   13.584014] cloud-init[1001]: |=.oo  .oS .      |
[   13.587154] cloud-init[1001]: | =ooo.. .o .     |
[   13.589489] cloud-init[1001]: |  ..o. .oo. .    |
[   13.591386] cloud-init[1001]: |  .... o++.o     |
         Starting LSB: automatic crash report generation...
[   13.601762] cloud-init[1001]:          Starting System Logging Service...
         Starting Virtualbox guest utils...
|   +B=. +o+o     |         Starting LXD - container startup/shutdown...
[[0;32m  OK  [0m] Started Availability of block devices.
[[0;32m  OK  [0m] Started Permit User Sessions.

         Starting Hold until boot process finishes up...
[   13.610392] cloud-init[1001]: +----[SHA256]-----+
[   13.611732] cloud-init[1001]: Generating public/private ed25519 key pair.
         Starting Terminate Plymouth Boot Screen...
[[0;32m  OK  [0m] Started Hold until boot process finishes up.
[   13.612727] cloud-init[1001]: Your identification has been saved in /etc/ssh/ssh_host_ed25519_key.
[   13.616488] cloud-init[1001]: Your public key has been saved in /etc/ssh/ssh_host_ed25519_key.pub.[[0;32m  OK  [0m] Started Serial Getty on ttyS0.

         Starting Set console scheme...
[   13.620835] cloud-init[1001]: The key fingerprint is:
[   13.623104] cloud-init[1001]: SHA256:gC9lHb54NBM3IX66LJS1z/PDEHezZY6YM8Wvt0kaopk root@ubuntu-bionic[[0;32m  OK  [0m] Started Terminate Plymouth Boot Screen.

[   13.627335] cloud-init[1001]: The key's randomart image is:
[   13.628791] cloud-init[1001]: +--[ED25519 256]--+
[   13.630581] cloud-init[1001]: |        + +.     |
[   13.631991] cloud-init[1001]: |     . + = .     |
[   13.634065] cloud-init[1001]: |    . + O .  .   |
[   13.636396] cloud-init[1001]: |     + * B. . = o|
[   13.639319] cloud-init[1001]: |    . = S  o = O |
[   13.641369] cloud-init[1001]: |     o o +. = o o|
[   13.644336] cloud-init[1001]: |      . o ++ + o |
[   13.647049] cloud-init[1001]: |       .  +o+ = o|
[   13.649319] cloud-init[1001]: |         E  .o +.|
[   13.653086] cloud-init[1001]: +----[SHA256]-----+
[[0;32m  OK  [0m] Started Login Service.
[[0;32m  OK  [0m] Started Unattended Upgrades Shutdown.
[[0;32m  OK  [0m] Started System Logging Service.
[[0;32m  OK  [0m] Started Set console scheme.
[[0;32m  OK  [0m] Created slice system-getty.slice.
[[0;32m  OK  [0m] Started Getty on tty1.
[[0;32m  OK  [0m] Reached target Login Prompts.
[[0;32m  OK  [0m] Started LSB: automatic crash report generation.
         Starting Authorization Manager...
[[0;32m  OK  [0m] Started LSB: Record successful boot for GRUB.
[[0;32m  OK  [0m] Started Authorization Manager.
[[0;32m  OK  [0m] Started Accounts Service.
[[0;32m  OK  [0m] Started LXD - container startup/shutdown.
[[0;32m  OK  [0m] Started Virtualbox guest utils.
[[0;32m  OK  [0m] Started Dispatcher daemon for systemd-networkd.
[[0;32m  OK  [0m] Started Snap Daemon.
         Starting Wait until snapd is fully seeded...
[[0;32m  OK  [0m] Started Pollinate to seed the pseudo random number generator.
         Starting OpenBSD Secure Shell server...
[[0;32m  OK  [0m] Started OpenBSD Secure Shell server.
[[0;32m  OK  [0m] Created slice User Slice of vagrant.
         Starting User Manager for UID 1000...
[[0;32m  OK  [0m] Started Session 1 of user vagrant.
[[0;32m  OK  [0m] Started User Manager for UID 1000.
[[0;32m  OK  [0m] Started Wait until snapd is fully seeded.
         Starting Apply the settings specified in cloud-config...
[[0;32m  OK  [0m] Reached target Multi-User System.
[[0;32m  OK  [0m] Reached target Graphical Interface.
         Starting Update UTMP about System Runlevel Changes...
[[0;32m  OK  [0m] Started Update UTMP about System Runlevel Changes.
[   17.243173] cloud-init[1637]: Cloud-init v. 21.4-0ubuntu1~18.04.1 running 'modules:config' at Sun, 02 Jan 2022 20:49:38 +0000. Up 16.90 seconds.
         Stopping User Manager for UID 1000...
[[0;32m  OK  [0m] Started Apply the settings specified in cloud-config.
[[0;32m  OK  [0m] Stopped User Manager for UID 1000.
         Starting Execute cloud user/final scripts...
[[0;32m  OK  [0m] Removed slice User Slice of vagrant.
[[0;32m  OK  [0m] Created slice User Slice of vagrant.
         Starting User Manager for UID 1000...
[[0;32m  OK  [0m] Started Session 3 of user vagrant.
[[0;32m  OK  [0m] Started User Manager for UID 1000.
ci-info: no authorized SSH keys fingerprints found for user ubuntu.
<14>Jan  2 20:49:39 cloud-init: #############################################################
<14>Jan  2 20:49:39 cloud-init: -----BEGIN SSH HOST KEY FINGERPRINTS-----
<14>Jan  2 20:49:39 cloud-init: 1024 SHA256:DvejFMfwWyd9onl7uIc8jGfWzDDiwmgfOvh/+SHeN0E root@ubuntu-bionic (DSA)
<14>Jan  2 20:49:39 cloud-init: 256 SHA256:97LKsai8PvIbCF2vIDPkZ9sVu2f+LEQUVu0xTjlnPc4 root@ubuntu-bionic (ECDSA)
<14>Jan  2 20:49:39 cloud-init: 256 SHA256:gC9lHb54NBM3IX66LJS1z/PDEHezZY6YM8Wvt0kaopk root@ubuntu-bionic (ED25519)
<14>Jan  2 20:49:39 cloud-init: 2048 SHA256:3HMYb2JYK3x0YkF6yYtRgxZ6u7pPRzHQOvrtHFY3xv4 root@ubuntu-bionic (RSA)
<14>Jan  2 20:49:39 cloud-init: -----END SSH HOST KEY FINGERPRINTS-----
<14>Jan  2 20:49:39 cloud-init: #############################################################
-----BEGIN SSH HOST KEY KEYS-----
ecdsa-sha2-nistp256 AAAAE2VjZHNhLXNoYTItbmlzdHAyNTYAAAAIbmlzdHAyNTYAAABBBDMPoe32TryZ3omLThqerbIFvmOrDmMepqBQlS7TgadbLZ68456O/sg5PNudUxwEfCgFs+++QpgfyZAVjb7rwQo= root@ubuntu-bionic
ssh-ed25519 AAAAC3NzaC1lZDI1NTE5AAAAIPSa5esGP2EHBFbYkIyah01EMv8QB0hJbkvJSFkJ+5Pt root@ubuntu-bionic
ssh-rsa AAAAB3NzaC1yc2EAAAADAQABAAABAQCeKOWLdN9kWdgl+/sYYLwHzZoZGfT9BgV0/KqWAWAFD0GOBye1j5UVe2OMrXoGtOSbS1b79LUsdPNwQfjNVAP1ON9xTwrjIEtBGjJASrXAq+6d5V1Pi6/1be62/EMYJ3UbD4s+z055Mt5pzqZdAl66BGc97BVWPYrEYrY23P3lzS3SDRyB/BrJlwvXUeRALsvD6OYpY15gS3gm+1lmRnDMzFPJlLO/+++CMaSye6flMPabL57F01ONW0TAnjYa20ZQM0JR2dWLCMSof8eJ0ZgFFHmr73J06fQIkNGLA0OgFQLfCcGoS5twCN9z9wMc/jgb0MDofpNDh9/D49HWF+sL root@ubuntu-bionic
-----END SSH HOST KEY KEYS-----
[   17.829465] cloud-init[1891]: Cloud-init v. 21.4-0ubuntu1~18.04.1 running 'modules:final' at Sun, 02 Jan 2022 20:49:39 +0000. Up 17.67 seconds.
[   17.844263] cloud-init[1891]: ci-info: no authorized SSH keys fingerprints found for user ubuntu.
[   17.856191] cloud-init[1891]: Cloud-init v. 21.4-0ubuntu1~18.04.1 finished at Sun, 02 Jan 2022 20:49:39 +0000. Datasource DataSourceNoCloud [seed=/dev/sdb][dsmode=net].  Up 17.82 seconds
[[0;32m  OK  [0m] Started Execute cloud user/final scripts.
[[0;32m  OK  [0m] Reached target Cloud-init target.

Ubuntu 18.04.6 LTS ubuntu-bionic ttyS0

ubuntu-bionic login: 